<?xml version="1.0" encoding="UTF-8"?>
<!-- Generated by org.testng.reporters.JUnitReportReporter -->
<testsuite hostname="DDC2-D-7SRR9B2" name="com.package1.Hdfc_net" tests="1" failures="0" timestamp="16 Dec 2019 06:21:18 GMT" time="8.424" errors="0">
  <testcase name="login" time="8.424" classname="com.package1.Hdfc_net"/>
</testsuite> <!-- com.package1.Hdfc_net -->
